path mismatch [2 links]: ino 936061 db '/dev/shm/sem.mp2875-4904688500599028219' req '/dev/shm/oQ0RKW'.
path mismatch [2 links]: ino 936079 db '/dev/shm/sem.mp3224-12953574174195274789' req '/dev/shm/ixO9qc'.
path mismatch [2 links]: ino 931465 db '/dev/shm/sem.mp3224-17664436308069202401' req '/dev/shm/Xu00qi'.
path mismatch [2 links]: ino 931466 db '/dev/shm/sem.mp3224-6165508779582642178' req '/dev/shm/cTiVqo'.
path mismatch [2 links]: ino 931468 db '/dev/shm/sem.mp3224-8825258514122767277' req '/dev/shm/UpRRqu'.
path mismatch [2 links]: ino 931469 db '/dev/shm/sem.mp3224-9909324255974978836' req '/dev/shm/z5aQqA'.
path mismatch [2 links]: ino 935368 db '/dev/shm/sem.mp3917-9015126862805010278' req '/dev/shm/RZjmhm'.
path mismatch [2 links]: ino 937297 db '/dev/shm/sem.mp3918-2391682947372121883' req '/dev/shm/uQFENl'.
path mismatch [2 links]: ino 6572545 db '/home/hardware2/fsl-community-bsp/build/tmp/work/imx6qsabresd-poky-linux-gnueabi/u-boot-fslc/v2015.10+gitAUTOINC+1b6aee73e6-r0/pkgdata/u-boot-fslc' req '/home/hardware2/fsl-community-bsp/build/tmp/sysroots/imx6qsabresd/pkgdata/u-boot-fslc'.
path mismatch [2 links]: ino 6838959 db '/home/hardware2/fsl-community-bsp/build/tmp/work/imx6qsabresd-poky-linux-gnueabi/u-boot-fslc/v2015.10+gitAUTOINC+1b6aee73e6-r0/pkgdata/runtime/u-boot-fslc-dbg' req '/home/hardware2/fsl-community-bsp/build/tmp/sysroots/imx6qsabresd/pkgdata/runtime/u-boot-fslc-dbg'.
path mismatch [2 links]: ino 6838964 db '/home/hardware2/fsl-community-bsp/build/tmp/work/imx6qsabresd-poky-linux-gnueabi/u-boot-fslc/v2015.10+gitAUTOINC+1b6aee73e6-r0/pkgdata/runtime/u-boot-fslc-staticdev' req '/home/hardware2/fsl-community-bsp/build/tmp/sysroots/imx6qsabresd/pkgdata/runtime/u-boot-fslc-staticdev'.
path mismatch [2 links]: ino 6838965 db '/home/hardware2/fsl-community-bsp/build/tmp/work/imx6qsabresd-poky-linux-gnueabi/u-boot-fslc/v2015.10+gitAUTOINC+1b6aee73e6-r0/pkgdata/runtime/u-boot-fslc-dev' req '/home/hardware2/fsl-community-bsp/build/tmp/sysroots/imx6qsabresd/pkgdata/runtime/u-boot-fslc-dev'.
path mismatch [2 links]: ino 6838968 db '/home/hardware2/fsl-community-bsp/build/tmp/work/imx6qsabresd-poky-linux-gnueabi/u-boot-fslc/v2015.10+gitAUTOINC+1b6aee73e6-r0/pkgdata/runtime/u-boot-fslc-doc' req '/home/hardware2/fsl-community-bsp/build/tmp/sysroots/imx6qsabresd/pkgdata/runtime/u-boot-fslc-doc'.
path mismatch [2 links]: ino 6838969 db '/home/hardware2/fsl-community-bsp/build/tmp/work/imx6qsabresd-poky-linux-gnueabi/u-boot-fslc/v2015.10+gitAUTOINC+1b6aee73e6-r0/pkgdata/runtime/u-boot-fslc-locale' req '/home/hardware2/fsl-community-bsp/build/tmp/sysroots/imx6qsabresd/pkgdata/runtime/u-boot-fslc-locale'.
path mismatch [2 links]: ino 6838970 db '/home/hardware2/fsl-community-bsp/build/tmp/work/imx6qsabresd-poky-linux-gnueabi/u-boot-fslc/v2015.10+gitAUTOINC+1b6aee73e6-r0/pkgdata/runtime/u-boot-fslc' req '/home/hardware2/fsl-community-bsp/build/tmp/sysroots/imx6qsabresd/pkgdata/runtime/u-boot-fslc'.
path mismatch [2 links]: ino 6572545 db '/home/hardware2/fsl-community-bsp/build/tmp/work/imx6qsabresd-poky-linux-gnueabi/u-boot-fslc/v2015.10+gitAUTOINC+1b6aee73e6-r0/pkgdata/u-boot-fslc' req '/home/hardware2/fsl-community-bsp/build/tmp/sysroots/imx6qsabresd/pkgdata/u-boot-fslc'.
path mismatch [2 links]: ino 6838959 db '/home/hardware2/fsl-community-bsp/build/tmp/work/imx6qsabresd-poky-linux-gnueabi/u-boot-fslc/v2015.10+gitAUTOINC+1b6aee73e6-r0/pkgdata/runtime/u-boot-fslc-dbg' req '/home/hardware2/fsl-community-bsp/build/tmp/sysroots/imx6qsabresd/pkgdata/runtime/u-boot-fslc-dbg'.
path mismatch [2 links]: ino 6838964 db '/home/hardware2/fsl-community-bsp/build/tmp/work/imx6qsabresd-poky-linux-gnueabi/u-boot-fslc/v2015.10+gitAUTOINC+1b6aee73e6-r0/pkgdata/runtime/u-boot-fslc-staticdev' req '/home/hardware2/fsl-community-bsp/build/tmp/sysroots/imx6qsabresd/pkgdata/runtime/u-boot-fslc-staticdev'.
path mismatch [2 links]: ino 6838965 db '/home/hardware2/fsl-community-bsp/build/tmp/work/imx6qsabresd-poky-linux-gnueabi/u-boot-fslc/v2015.10+gitAUTOINC+1b6aee73e6-r0/pkgdata/runtime/u-boot-fslc-dev' req '/home/hardware2/fsl-community-bsp/build/tmp/sysroots/imx6qsabresd/pkgdata/runtime/u-boot-fslc-dev'.
path mismatch [2 links]: ino 6838968 db '/home/hardware2/fsl-community-bsp/build/tmp/work/imx6qsabresd-poky-linux-gnueabi/u-boot-fslc/v2015.10+gitAUTOINC+1b6aee73e6-r0/pkgdata/runtime/u-boot-fslc-doc' req '/home/hardware2/fsl-community-bsp/build/tmp/sysroots/imx6qsabresd/pkgdata/runtime/u-boot-fslc-doc'.
path mismatch [2 links]: ino 6838969 db '/home/hardware2/fsl-community-bsp/build/tmp/work/imx6qsabresd-poky-linux-gnueabi/u-boot-fslc/v2015.10+gitAUTOINC+1b6aee73e6-r0/pkgdata/runtime/u-boot-fslc-locale' req '/home/hardware2/fsl-community-bsp/build/tmp/sysroots/imx6qsabresd/pkgdata/runtime/u-boot-fslc-locale'.
path mismatch [2 links]: ino 6838970 db '/home/hardware2/fsl-community-bsp/build/tmp/work/imx6qsabresd-poky-linux-gnueabi/u-boot-fslc/v2015.10+gitAUTOINC+1b6aee73e6-r0/pkgdata/runtime/u-boot-fslc' req '/home/hardware2/fsl-community-bsp/build/tmp/sysroots/imx6qsabresd/pkgdata/runtime/u-boot-fslc'.
inode mismatch: '/home/hardware2/fsl-community-bsp/build/tmp/work/imx6qsabresd-poky-linux-gnueabi/u-boot-fslc/v2015.10+gitAUTOINC+1b6aee73e6-r0/temp/log.do_install' ino 6183439 in db, 6183440 in request.
symlink mismatch: '/home/hardware2/fsl-community-bsp/build/tmp/work/imx6qsabresd-poky-linux-gnueabi/u-boot-fslc/v2015.10+gitAUTOINC+1b6aee73e6-r0/temp/log.do_install' [6183439] db mode 0120777, header mode 0100644 (unlinking db)
path mismatch [1 link]: ino 6183440 db '/home/hardware2/fsl-community-bsp/build/tmp/work/imx6qsabresd-poky-linux-gnueabi/u-boot-fslc/v2015.10+gitAUTOINC+1b6aee73e6-r0/temp/log.do_install.2875' req '/home/hardware2/fsl-community-bsp/build/tmp/work/imx6qsabresd-poky-linux-gnueabi/u-boot-fslc/v2015.10+gitAUTOINC+1b6aee73e6-r0/temp/log.do_install'.
path mismatch [2 links]: ino 6838965 db '/home/hardware2/fsl-community-bsp/build/tmp/work/imx6qsabresd-poky-linux-gnueabi/u-boot-fslc/v2015.10+gitAUTOINC+1b6aee73e6-r0/pkgdata/runtime/u-boot-fslc-dev' req '/home/hardware2/fsl-community-bsp/build/tmp/sysroots/imx6qsabresd/pkgdata/runtime/u-boot-fslc-dev'.
path mismatch [2 links]: ino 6838965 db '/home/hardware2/fsl-community-bsp/build/tmp/work/imx6qsabresd-poky-linux-gnueabi/u-boot-fslc/v2015.10+gitAUTOINC+1b6aee73e6-r0/pkgdata/runtime/u-boot-fslc-dev' req '/home/hardware2/fsl-community-bsp/build/tmp/sysroots/imx6qsabresd/pkgdata/runtime/u-boot-fslc-dev'.
path mismatch [2 links]: ino 6838969 db '/home/hardware2/fsl-community-bsp/build/tmp/work/imx6qsabresd-poky-linux-gnueabi/u-boot-fslc/v2015.10+gitAUTOINC+1b6aee73e6-r0/pkgdata/runtime/u-boot-fslc-locale' req '/home/hardware2/fsl-community-bsp/build/tmp/sysroots/imx6qsabresd/pkgdata/runtime/u-boot-fslc-locale'.
path mismatch [2 links]: ino 6838964 db '/home/hardware2/fsl-community-bsp/build/tmp/work/imx6qsabresd-poky-linux-gnueabi/u-boot-fslc/v2015.10+gitAUTOINC+1b6aee73e6-r0/pkgdata/runtime/u-boot-fslc-staticdev' req '/home/hardware2/fsl-community-bsp/build/tmp/sysroots/imx6qsabresd/pkgdata/runtime/u-boot-fslc-staticdev'.
path mismatch [2 links]: ino 6838970 db '/home/hardware2/fsl-community-bsp/build/tmp/work/imx6qsabresd-poky-linux-gnueabi/u-boot-fslc/v2015.10+gitAUTOINC+1b6aee73e6-r0/pkgdata/runtime/u-boot-fslc' req '/home/hardware2/fsl-community-bsp/build/tmp/sysroots/imx6qsabresd/pkgdata/runtime/u-boot-fslc'.
path mismatch [2 links]: ino 6838968 db '/home/hardware2/fsl-community-bsp/build/tmp/work/imx6qsabresd-poky-linux-gnueabi/u-boot-fslc/v2015.10+gitAUTOINC+1b6aee73e6-r0/pkgdata/runtime/u-boot-fslc-doc' req '/home/hardware2/fsl-community-bsp/build/tmp/sysroots/imx6qsabresd/pkgdata/runtime/u-boot-fslc-doc'.
path mismatch [2 links]: ino 6838965 db '/home/hardware2/fsl-community-bsp/build/tmp/work/imx6qsabresd-poky-linux-gnueabi/u-boot-fslc/v2015.10+gitAUTOINC+1b6aee73e6-r0/pkgdata/runtime/u-boot-fslc-dev' req '/home/hardware2/fsl-community-bsp/build/tmp/sysroots/imx6qsabresd/pkgdata/runtime/u-boot-fslc-dev'.
path mismatch [2 links]: ino 6838970 db '/home/hardware2/fsl-community-bsp/build/tmp/work/imx6qsabresd-poky-linux-gnueabi/u-boot-fslc/v2015.10+gitAUTOINC+1b6aee73e6-r0/pkgdata/runtime/u-boot-fslc' req '/home/hardware2/fsl-community-bsp/build/tmp/sysroots/imx6qsabresd/pkgdata/runtime/u-boot-fslc'.
path mismatch [2 links]: ino 6838970 db '/home/hardware2/fsl-community-bsp/build/tmp/work/imx6qsabresd-poky-linux-gnueabi/u-boot-fslc/v2015.10+gitAUTOINC+1b6aee73e6-r0/pkgdata/runtime/u-boot-fslc' req '/home/hardware2/fsl-community-bsp/build/tmp/sysroots/imx6qsabresd/pkgdata/runtime/u-boot-fslc'.
